<?xml version="1.0" encoding="UTF-8"?>
<!-- Generated by org.testng.reporters.JUnitXMLReporter -->
<testsuite hostname="Kannapi" ignored="0" name="Test" tests="12" failures="3" timestamp="06 Jan 2023 02:14:51 GMT" time="323.002" errors="0">
  <testcase name="@BeforeMethod initialiseBrowser" time="231.229" classname="com.obsqura.selenium.TestNGSample.Base">
    <failure type="org.openqa.selenium.TimeoutException" message="java.util.concurrent.TimeoutException
Build info: version: &amp;apos;4.4.0&amp;apos;, revision: &amp;apos;e5c75ed026a&amp;apos;
System info: host: &amp;apos;KANNAPI&amp;apos;, ip: &amp;apos;192.168.1.3&amp;apos;, os.name: &amp;apos;Windows 11&amp;apos;, os.arch: &amp;apos;amd64&amp;apos;, os.version: &amp;apos;10.0&amp;apos;, java.version: &amp;apos;1.8.0_351&amp;apos;
Driver info: org.openqa.selenium.chrome.ChromeDriver
Command: [2224e6126802bbf78136e1749825f938, get {url=https://selenium.obsqurazone.com/simple-form-demo.php}]
Capabilities {acceptInsecureCerts: false, browserName: chrome, browserVersion: 108.0.5359.125, chrome: {chromedriverVersion: 108.0.5359.71 (1e0e3868ee06..., userDataDir: C:\Users\anjuc\AppData\Loca...}, goog:chromeOptions: {debuggerAddress: localhost:53548}, networkConnectionEnabled: false, pageLoadStrategy: normal, platformName: WINDOWS, proxy: Proxy(), se:cdp: ws://localhost:53548/devtoo..., se:cdpVersion: 108.0.5359.125, setWindowRect: true, strictFileInteractability: false, timeouts: {implicit: 0, pageLoad: 300000, script: 30000}, unhandledPromptBehavior: dismiss and notify, webauthn:extension:credBlob: true, webauthn:extension:largeBlob: true, webauthn:virtualAuthenticators: true}
Session ID: 2224e6126802bbf78136e1749825f938">
      <![CDATA[org.openqa.selenium.TimeoutException: java.util.concurrent.TimeoutException
Build info: version: '4.4.0', revision: 'e5c75ed026a'
System info: host: 'KANNAPI', ip: '192.168.1.3', os.name: 'Windows 11', os.arch: 'amd64', os.version: '10.0', java.version: '1.8.0_351'
Driver info: org.openqa.selenium.chrome.ChromeDriver
Command: [2224e6126802bbf78136e1749825f938, get {url=https://selenium.obsqurazone.com/simple-form-demo.php}]
Capabilities {acceptInsecureCerts: false, browserName: chrome, browserVersion: 108.0.5359.125, chrome: {chromedriverVersion: 108.0.5359.71 (1e0e3868ee06..., userDataDir: C:\Users\anjuc\AppData\Loca...}, goog:chromeOptions: {debuggerAddress: localhost:53548}, networkConnectionEnabled: false, pageLoadStrategy: normal, platformName: WINDOWS, proxy: Proxy(), se:cdp: ws://localhost:53548/devtoo..., se:cdpVersion: 108.0.5359.125, setWindowRect: true, strictFileInteractability: false, timeouts: {implicit: 0, pageLoad: 300000, script: 30000}, unhandledPromptBehavior: dismiss and notify, webauthn:extension:credBlob: true, webauthn:extension:largeBlob: true, webauthn:virtualAuthenticators: true}
Session ID: 2224e6126802bbf78136e1749825f938
	at org.openqa.selenium.remote.http.netty.NettyHttpHandler.makeCall(NettyHttpHandler.java:65)
	at org.openqa.selenium.remote.http.AddSeleniumUserAgent.lambda$apply$0(AddSeleniumUserAgent.java:42)
	at org.openqa.selenium.remote.http.Filter.lambda$andFinally$1(Filter.java:56)
	at org.openqa.selenium.remote.http.netty.NettyHttpHandler.execute(NettyHttpHandler.java:49)
	at org.openqa.selenium.remote.http.AddSeleniumUserAgent.lambda$apply$0(AddSeleniumUserAgent.java:42)
	at org.openqa.selenium.remote.http.Filter.lambda$andFinally$1(Filter.java:56)
	at org.openqa.selenium.remote.http.netty.NettyClient.execute(NettyClient.java:98)
	at org.openqa.selenium.remote.HttpCommandExecutor.execute(HttpCommandExecutor.java:181)
	at org.openqa.selenium.remote.service.DriverCommandExecutor.invokeExecute(DriverCommandExecutor.java:167)
	at org.openqa.selenium.remote.service.DriverCommandExecutor.execute(DriverCommandExecutor.java:142)
	at org.openqa.selenium.remote.RemoteWebDriver.execute(RemoteWebDriver.java:547)
	at org.openqa.selenium.remote.RemoteWebDriver.get(RemoteWebDriver.java:310)
	at com.obsqura.selenium.TestNGSample.Base.initialiseBrowser(Base.java:20)
Caused by: java.util.concurrent.TimeoutException
	at java.util.concurrent.CompletableFuture.timedGet(Unknown Source)
	at java.util.concurrent.CompletableFuture.get(Unknown Source)
	at org.asynchttpclient.netty.NettyResponseFuture.get(NettyResponseFuture.java:206)
	at org.openqa.selenium.remote.http.netty.NettyHttpHandler.makeCall(NettyHttpHandler.java:59)
	... 39 more
... Removed 27 stack frames]]>
    </failure>
  </testcase> <!-- @BeforeMethod initialiseBrowser -->
  <testcase name="@BeforeMethod initialiseBrowser" time="0.0" classname="com.obsqura.selenium.TestNGSample.Base">
    <skipped/>
  </testcase> <!-- @BeforeMethod initialiseBrowser -->
  <testcase name="@BeforeMethod initialiseBrowser" time="0.0" classname="com.obsqura.selenium.TestNGSample.Base">
    <skipped/>
  </testcase> <!-- @BeforeMethod initialiseBrowser -->
  <testcase name="@BeforeMethod initialiseBrowser" time="0.0" classname="com.obsqura.selenium.TestNGSample.Base">
    <skipped/>
  </testcase> <!-- @BeforeMethod initialiseBrowser -->
  <testcase name="@BeforeMethod initialiseBrowser" time="0.0" classname="com.obsqura.selenium.TestNGSample.Base">
    <skipped/>
  </testcase> <!-- @BeforeMethod initialiseBrowser -->
  <testcase name="@BeforeMethod initialiseBrowser" time="0.0" classname="com.obsqura.selenium.TestNGSample.Base">
    <skipped/>
  </testcase> <!-- @BeforeMethod initialiseBrowser -->
  <testcase name="@BeforeMethod initialiseBrowser" time="0.0" classname="com.obsqura.selenium.TestNGSample.Base">
    <skipped/>
  </testcase> <!-- @BeforeMethod initialiseBrowser -->
  <testcase name="@BeforeMethod initialiseBrowser" time="0.0" classname="com.obsqura.selenium.TestNGSample.Base">
    <skipped/>
  </testcase> <!-- @BeforeMethod initialiseBrowser -->
  <testcase name="@BeforeMethod initialiseBrowser" time="0.0" classname="com.obsqura.selenium.TestNGSample.Base">
    <skipped/>
  </testcase> <!-- @BeforeMethod initialiseBrowser -->
  <testcase name="FemaleAndAge1ButtonSelected" time="3.0" classname="com.obsqura.selenium.TestNGSample.RadioButtonCombinations">
    <failure type="java.lang.AssertionError" message="expected [Gender : Female\nAge group: 1 to 18] but found []">
      <![CDATA[java.lang.AssertionError: expected [Gender : Female\nAge group: 1 to 18] but found []
	at com.obsqura.selenium.TestNGSample.RadioButtonCombinations.FemaleAndAge1ButtonSelected(RadioButtonCombinations.java:194)
... Removed 31 stack frames]]>
    </failure>
  </testcase> <!-- FemaleAndAge1ButtonSelected -->
  <testcase name="FemaleAndAge2ButtonSelected" time="5.225" classname="com.obsqura.selenium.TestNGSample.RadioButtonCombinations">
    <failure type="java.lang.AssertionError" message="expected [Gender : Female\nAge group: 19 to 44] but found []">
      <![CDATA[java.lang.AssertionError: expected [Gender : Female\nAge group: 19 to 44] but found []
	at com.obsqura.selenium.TestNGSample.RadioButtonCombinations.FemaleAndAge2ButtonSelected(RadioButtonCombinations.java:213)
... Removed 31 stack frames]]>
    </failure>
  </testcase> <!-- FemaleAndAge2ButtonSelected -->
  <testcase name="FemaleAndAge3ButtonSelected" time="8.448" classname="com.obsqura.selenium.TestNGSample.RadioButtonCombinations">
    <failure type="java.lang.AssertionError" message="expected [Gender : Female\nAge group: 45 to 60] but found []">
      <![CDATA[java.lang.AssertionError: expected [Gender : Female\nAge group: 45 to 60] but found []
	at com.obsqura.selenium.TestNGSample.RadioButtonCombinations.FemaleAndAge3ButtonSelected(RadioButtonCombinations.java:231)
... Removed 31 stack frames]]>
    </failure>
  </testcase> <!-- FemaleAndAge3ButtonSelected -->
  <testcase name="MaleAndAge1ButtonSelected" time="0.004" classname="com.obsqura.selenium.TestNGSample.RadioButtonCombinations">
    <skipped/>
  </testcase> <!-- MaleAndAge1ButtonSelected -->
  <testcase name="MaleAndAge2ButtonSelected" time="0.0" classname="com.obsqura.selenium.TestNGSample.RadioButtonCombinations">
    <skipped/>
  </testcase> <!-- MaleAndAge2ButtonSelected -->
  <testcase name="MaleAndAge3ButtonSelected" time="0.0" classname="com.obsqura.selenium.TestNGSample.RadioButtonCombinations">
    <skipped/>
  </testcase> <!-- MaleAndAge3ButtonSelected -->
  <testcase name="age1ButtonSelected" time="0.0" classname="com.obsqura.selenium.TestNGSample.RadioButtonCombinations">
    <skipped/>
  </testcase> <!-- age1ButtonSelected -->
  <testcase name="age2ButtonSelected" time="0.0" classname="com.obsqura.selenium.TestNGSample.RadioButtonCombinations">
    <skipped/>
  </testcase> <!-- age2ButtonSelected -->
  <testcase name="age3ButtonSelected" time="0.0" classname="com.obsqura.selenium.TestNGSample.RadioButtonCombinations">
    <skipped/>
  </testcase> <!-- age3ButtonSelected -->
  <testcase name="femaleButtonSelected" time="0.0" classname="com.obsqura.selenium.TestNGSample.RadioButtonCombinations">
    <skipped/>
  </testcase> <!-- femaleButtonSelected -->
  <testcase name="maleButtonSelected" time="0.001" classname="com.obsqura.selenium.TestNGSample.RadioButtonCombinations">
    <skipped/>
  </testcase> <!-- maleButtonSelected -->
  <testcase name="noRadioButtonsSelected" time="0.0" classname="com.obsqura.selenium.TestNGSample.RadioButtonCombinations">
    <skipped/>
  </testcase> <!-- noRadioButtonsSelected -->
</testsuite> <!-- Test -->
